#
# There is insufficient memory for the Java Runtime Environment to continue.
# Native memory allocation (malloc) failed to allocate 585936 bytes for Chunk::new
# Possible reasons:
#   The system is out of physical RAM or swap space
#   In 32 bit mode, the process size limit was hit
# Possible solutions:
#   Reduce memory load on the system
#   Increase physical memory or swap space
#   Check if swap backing store is full
#   Use 64 bit Java on a 64 bit OS
#   Decrease Java heap size (-Xmx/-Xms)
#   Decrease number of Java threads
#   Decrease Java thread stack sizes (-Xss)
#   Set larger code cache with -XX:ReservedCodeCacheSize=
# This output file may be truncated or incomplete.
#
#  Out of Memory Error (allocation.cpp:390), pid=15380, tid=0x0000000000006e38
#
# JRE version: Java(TM) SE Runtime Environment (8.0_131-b11) (build 1.8.0_131-b11)
# Java VM: Java HotSpot(TM) 64-Bit Server VM (25.131-b11 mixed mode windows-amd64 compressed oops)
# Failed to write core dump. Minidumps are not enabled by default on client versions of Windows
#

---------------  T H R E A D  ---------------

Current thread (0x0000000020fa1800):  JavaThread "C2 CompilerThread5" daemon [_thread_in_native, id=28216, stack(0x0000000021d70000,0x0000000021e70000)]

Stack: [0x0000000021d70000,0x0000000021e70000]
[error occurred during error reporting (printing stack bounds), id 0xc0000005]

Native frames: (J=compiled Java code, j=interpreted, Vv=VM code, C=native code)


Current CompileTask:
C2:  11747 1160   !   4       sun.net.www.http.ChunkedInputStream::processRaw (756 bytes)


---------------  P R O C E S S  ---------------

Java Threads: ( => current thread )
  0x00000000214ad000 JavaThread "Keep-Alive-Timer" daemon [_thread_blocked, id=27096, stack(0x00000000267b0000,0x00000000268b0000)]
  0x0000000021053000 JavaThread "Service Thread" daemon [_thread_blocked, id=24172, stack(0x0000000022570000,0x0000000022670000)]
  0x0000000020feb800 JavaThread "C1 CompilerThread11" daemon [_thread_blocked, id=19088, stack(0x0000000022470000,0x0000000022570000)]
  0x0000000020fe9000 JavaThread "C1 CompilerThread10" daemon [_thread_blocked, id=20404, stack(0x0000000022370000,0x0000000022470000)]
  0x0000000020fed000 JavaThread "C1 CompilerThread9" daemon [_thread_blocked, id=31724, stack(0x0000000022270000,0x0000000022370000)]
  0x0000000020fe8800 JavaThread "C1 CompilerThread8" daemon [_thread_blocked, id=11060, stack(0x0000000022170000,0x0000000022270000)]
  0x0000000020fec000 JavaThread "C2 CompilerThread7" daemon [_thread_blocked, id=27716, stack(0x0000000022070000,0x0000000022170000)]
  0x0000000020fba000 JavaThread "C2 CompilerThread6" daemon [_thread_blocked, id=21012, stack(0x0000000021e70000,0x0000000021f70000)]
=>0x0000000020fa1800 JavaThread "C2 CompilerThread5" daemon [_thread_in_native, id=28216, stack(0x0000000021d70000,0x0000000021e70000)]
  0x0000000020f90800 JavaThread "C2 CompilerThread4" daemon [_thread_blocked, id=5792, stack(0x0000000021c70000,0x0000000021d70000)]
  0x0000000020f7f000 JavaThread "C2 CompilerThread3" daemon [_thread_blocked, id=29340, stack(0x0000000021b70000,0x0000000021c70000)]
  0x0000000020f78000 JavaThread "C2 CompilerThread2" daemon [_thread_blocked, id=23272, stack(0x0000000021a70000,0x0000000021b70000)]
  0x0000000020f75000 JavaThread "C2 CompilerThread1" daemon [_thread_blocked, id=4912, stack(0x0000000021970000,0x0000000021a70000)]
  0x0000000020f73800 JavaThread "C2 CompilerThread0" daemon [_thread_blocked, id=22848, stack(0x0000000021870000,0x0000000021970000)]
  0x0000000020f70800 JavaThread "Monitor Ctrl-Break" daemon [_thread_in_native, id=12296, stack(0x0000000021770000,0x0000000021870000)]
  0x000000001ed52800 JavaThread "Attach Listener" daemon [_thread_blocked, id=26948, stack(0x0000000020e70000,0x0000000020f70000)]
  0x000000001ecfa000 JavaThread "Signal Dispatcher" daemon [_thread_blocked, id=3124, stack(0x0000000020d70000,0x0000000020e70000)]
  0x000000001ecd6800 JavaThread "Finalizer" daemon [_thread_blocked, id=28724, stack(0x0000000020560000,0x0000000020660000)]
  0x000000001d26f000 JavaThread "Reference Handler" daemon [_thread_blocked, id=26084, stack(0x0000000020460000,0x0000000020560000)]
  0x00000000031c3800 JavaThread "main" [_thread_in_native, id=15544, stack(0x0000000002ec0000,0x0000000002fc0000)]

Other Threads:
  0x000000001ecb4000 VMThread [stack: 0x0000000020360000,0x0000000020460000] [id=31784]
  0x00000000211ab800 WatcherThread [stack: 0x0000000022670000,0x0000000022770000] [id=31128]

VM state:not at safepoint (normal execution)

VM Mutex/Monitor currently owned by a thread: None

Heap:
 PSYoungGen      total 62976K, used 49724K [0x000000076af00000, 0x000000076f480000, 0x00000007c0000000)
  eden space 59392K, 83% used [0x000000076af00000,0x000000076df63398,0x000000076e900000)
  from space 3584K, 4% used [0x000000076ed80000,0x000000076edac010,0x000000076f100000)
  to   space 3584K, 0% used [0x000000076f100000,0x000000076f100000,0x000000076f480000)
 ParOldGen       total 175104K, used 1823K [0x00000006c0c00000, 0x00000006cb700000, 0x000000076af00000)
  object space 175104K, 1% used [0x00000006c0c00000,0x00000006c0dc7cf0,0x00000006cb700000)
 Metaspace       used 7561K, capacity 7768K, committed 8064K, reserved 1056768K
  class space    used 731K, capacity 797K, committed 896K, reserved 1048576K

Card table byte_map: [0x0000000012680000,0x0000000012e80000] byte_map_base: 0x000000000f07a000

Marking Bits: (ParMarkBitMap*) 0x000000005a44c720
 Begin Bits: [0x00000000140e0000, 0x00000000180b0000)
 End Bits:   [0x00000000180b0000, 0x000000001c080000)

Polling page: 0x0000000000a50000

CodeCache: size=245760Kb used=6937Kb max_used=6946Kb free=238822Kb
 bounds [0x00000000032c0000, 0x00000000039a0000, 0x00000000122c0000]
 total_blobs=1473 nmethods=1159 adapters=225
 compilation: enabled

Compilation events (10 events):
Event: 10.850 Thread 0x0000000020fe8800 nmethod 1155 0x000000000397bc50 code [0x000000000397be00, 0x000000000397c3d8]
Event: 11.032 Thread 0x0000000020fed000 1157   !   3       java.net.PlainSocketImpl::close (24 bytes)
Event: 11.032 Thread 0x0000000020feb800 1156       3       java.net.SocksSocketImpl::close (24 bytes)
Event: 11.032 Thread 0x0000000020fed000 nmethod 1157 0x000000000397b750 code [0x000000000397b8c0, 0x000000000397bb48]
Event: 11.032 Thread 0x0000000020feb800 nmethod 1156 0x000000000397b090 code [0x000000000397b220, 0x000000000397b5b8]
Event: 11.219 Thread 0x0000000020fec000 1158       4       java.lang.String::<init> (38 bytes)
Event: 11.221 Thread 0x0000000020fec000 nmethod 1158 0x0000000003977e90 code [0x0000000003977fe0, 0x0000000003978148]
Event: 11.528 Thread 0x0000000020fe9000 1159       3       java.lang.System::getProperty (25 bytes)
Event: 11.529 Thread 0x0000000020fe9000 nmethod 1159 0x000000000397a610 code [0x000000000397a7e0, 0x000000000397ade8]
Event: 11.603 Thread 0x0000000020fa1800 1160   !   4       sun.net.www.http.ChunkedInputStream::processRaw (756 bytes)

GC Heap History (10 events):
Event: 6.085 GC heap before
{Heap before GC invocations=5 (full 0):
 PSYoungGen      total 76288K, used 67368K [0x000000076af00000, 0x0000000770400000, 0x00000007c0000000)
  eden space 65536K, 100% used [0x000000076af00000,0x000000076ef00000,0x000000076ef00000)
  from space 10752K, 17% used [0x000000076f980000,0x000000076fb4a060,0x0000000770400000)
  to   space 10752K, 0% used [0x000000076ef00000,0x000000076ef00000,0x000000076f980000)
 ParOldGen       total 175104K, used 40K [0x00000006c0c00000, 0x00000006cb700000, 0x000000076af00000)
  object space 175104K, 0% used [0x00000006c0c00000,0x00000006c0c0a000,0x00000006cb700000)
 Metaspace       used 7554K, capacity 7768K, committed 8064K, reserved 1056768K
  class space    used 731K, capacity 797K, committed 896K, reserved 1048576K
Event: 6.089 GC heap after
Heap after GC invocations=5 (full 0):
 PSYoungGen      total 66048K, used 1784K [0x000000076af00000, 0x000000076fa00000, 0x00000007c0000000)
  eden space 64000K, 0% used [0x000000076af00000,0x000000076af00000,0x000000076ed80000)
  from space 2048K, 87% used [0x000000076ef00000,0x000000076f0be050,0x000000076f100000)
  to   space 3072K, 0% used [0x000000076f700000,0x000000076f700000,0x000000076fa00000)
 ParOldGen       total 175104K, used 48K [0x00000006c0c00000, 0x00000006cb700000, 0x000000076af00000)
  object space 175104K, 0% used [0x00000006c0c00000,0x00000006c0c0c000,0x00000006cb700000)
 Metaspace       used 7554K, capacity 7768K, committed 8064K, reserved 1056768K
  class space    used 731K, capacity 797K, committed 896K, reserved 1048576K
}
Event: 7.221 GC heap before
{Heap before GC invocations=6 (full 0):
 PSYoungGen      total 66048K, used 65784K [0x000000076af00000, 0x000000076fa00000, 0x00000007c0000000)
  eden space 64000K, 100% used [0x000000076af00000,0x000000076ed80000,0x000000076ed80000)
  from space 2048K, 87% used [0x000000076ef00000,0x000000076f0be050,0x000000076f100000)
  to   space 3072K, 0% used [0x000000076f700000,0x000000076f700000,0x000000076fa00000)
 ParOldGen       total 175104K, used 48K [0x00000006c0c00000, 0x00000006cb700000, 0x000000076af00000)
  object space 175104K, 0% used [0x00000006c0c00000,0x00000006c0c0c000,0x00000006cb700000)
 Metaspace       used 7555K, capacity 7768K, committed 8064K, reserved 1056768K
  class space    used 731K, capacity 797K, committed 896K, reserved 1048576K
Event: 7.224 GC heap after
Heap after GC invocations=6 (full 0):
 PSYoungGen      total 64512K, used 1912K [0x000000076af00000, 0x000000076f900000, 0x00000007c0000000)
  eden space 62464K, 0% used [0x000000076af00000,0x000000076af00000,0x000000076ec00000)
  from space 2048K, 93% used [0x000000076f700000,0x000000076f8de050,0x000000076f900000)
  to   space 3072K, 0% used [0x000000076f300000,0x000000076f300000,0x000000076f600000)
 ParOldGen       total 175104K, used 56K [0x00000006c0c00000, 0x00000006cb700000, 0x000000076af00000)
  object space 175104K, 0% used [0x00000006c0c00000,0x00000006c0c0e000,0x00000006cb700000)
 Metaspace       used 7555K, capacity 7768K, committed 8064K, reserved 1056768K
  class space    used 731K, capacity 797K, committed 896K, reserved 1048576K
}
Event: 8.297 GC heap before
{Heap before GC invocations=7 (full 0):
 PSYoungGen      total 64512K, used 64376K [0x000000076af00000, 0x000000076f900000, 0x00000007c0000000)
  eden space 62464K, 100% used [0x000000076af00000,0x000000076ec00000,0x000000076ec00000)
  from space 2048K, 93% used [0x000000076f700000,0x000000076f8de050,0x000000076f900000)
  to   space 3072K, 0% used [0x000000076f300000,0x000000076f300000,0x000000076f600000)
 ParOldGen       total 175104K, used 56K [0x00000006c0c00000, 0x00000006cb700000, 0x000000076af00000)
  object space 175104K, 0% used [0x00000006c0c00000,0x00000006c0c0e000,0x00000006cb700000)
 Metaspace       used 7556K, capacity 7768K, committed 8064K, reserved 1056768K
  class space    used 731K, capacity 797K, committed 896K, reserved 1048576K
Event: 8.299 GC heap after
Heap after GC invocations=7 (full 0):
 PSYoungGen      total 61952K, used 368K [0x000000076af00000, 0x000000076f780000, 0x00000007c0000000)
  eden space 61440K, 0% used [0x000000076af00000,0x000000076af00000,0x000000076eb00000)
  from space 512K, 71% used [0x000000076f300000,0x000000076f35c010,0x000000076f380000)
  to   space 3584K, 0% used [0x000000076f400000,0x000000076f400000,0x000000076f780000)
 ParOldGen       total 175104K, used 1719K [0x00000006c0c00000, 0x00000006cb700000, 0x000000076af00000)
  object space 175104K, 0% used [0x00000006c0c00000,0x00000006c0dadcf0,0x00000006cb700000)
 Metaspace       used 7556K, capacity 7768K, committed 8064K, reserved 1056768K
  class space    used 731K, capacity 797K, committed 896K, reserved 1048576K
}
Event: 9.557 GC heap before
{Heap before GC invocations=8 (full 0):
 PSYoungGen      total 61952K, used 61808K [0x000000076af00000, 0x000000076f780000, 0x00000007c0000000)
  eden space 61440K, 100% used [0x000000076af00000,0x000000076eb00000,0x000000076eb00000)
  from space 512K, 71% used [0x000000076f300000,0x000000076f35c010,0x000000076f380000)
  to   space 3584K, 0% used [0x000000076f400000,0x000000076f400000,0x000000076f780000)
 ParOldGen       total 175104K, used 1719K [0x00000006c0c00000, 0x00000006cb700000, 0x000000076af00000)
  object space 175104K, 0% used [0x00000006c0c00000,0x00000006c0dadcf0,0x00000006cb700000)
 Metaspace       used 7556K, capacity 7768K, committed 8064K, reserved 1056768K
  class space    used 731K, capacity 797K, committed 896K, reserved 1048576K
Event: 9.557 GC heap after
Heap after GC invocations=8 (full 0):
 PSYoungGen      total 60928K, used 288K [0x000000076af00000, 0x000000076f480000, 0x00000007c0000000)
  eden space 60416K, 0% used [0x000000076af00000,0x000000076af00000,0x000000076ea00000)
  from space 512K, 56% used [0x000000076f400000,0x000000076f448000,0x000000076f480000)
  to   space 3584K, 0% used [0x000000076ed80000,0x000000076ed80000,0x000000076f100000)
 ParOldGen       total 175104K, used 1783K [0x00000006c0c00000, 0x00000006cb700000, 0x000000076af00000)
  object space 175104K, 1% used [0x00000006c0c00000,0x00000006c0dbdcf0,0x00000006cb700000)
 Metaspace       used 7556K, capacity 7768K, committed 8064K, reserved 1056768K
  class space    used 731K, capacity 797K, committed 896K, reserved 1048576K
}
Event: 10.716 GC heap before
{Heap before GC invocations=9 (full 0):
 PSYoungGen      total 60928K, used 60704K [0x000000076af00000, 0x000000076f480000, 0x00000007c0000000)
  eden space 60416K, 100% used [0x000000076af00000,0x000000076ea00000,0x000000076ea00000)
  from space 512K, 56% used [0x000000076f400000,0x000000076f448000,0x000000076f480000)
  to   space 3584K, 0% used [0x000000076ed80000,0x000000076ed80000,0x000000076f100000)
 ParOldGen       total 175104K, used 1783K [0x00000006c0c00000, 0x00000006cb700000, 0x000000076af00000)
  object space 175104K, 1% used [0x00000006c0c00000,0x00000006c0dbdcf0,0x00000006cb700000)
 Metaspace       used 7558K, capacity 7768K, committed 8064K, reserved 1056768K
  class space    used 731K, capacity 797K, committed 896K, reserved 1048576K
Event: 10.717 GC heap after
Heap after GC invocations=9 (full 0):
 PSYoungGen      total 62976K, used 176K [0x000000076af00000, 0x000000076f480000, 0x00000007c0000000)
  eden space 59392K, 0% used [0x000000076af00000,0x000000076af00000,0x000000076e900000)
  from space 3584K, 4% used [0x000000076ed80000,0x000000076edac010,0x000000076f100000)
  to   space 3584K, 0% used [0x000000076f100000,0x000000076f100000,0x000000076f480000)
 ParOldGen       total 175104K, used 1823K [0x00000006c0c00000, 0x00000006cb700000, 0x000000076af00000)
  object space 175104K, 1% used [0x00000006c0c00000,0x00000006c0dc7cf0,0x00000006cb700000)
 Metaspace       used 7558K, capacity 7768K, committed 8064K, reserved 1056768K
  class space    used 731K, capacity 797K, committed 896K, reserved 1048576K
}

Deoptimization events (3 events):
Event: 0.460 Thread 0x00000000031c3800 Uncommon trap: reason=unstable_if action=reinterpret pc=0x00000000035cbf90 method=sun.nio.cs.UTF_8$Encoder.encode([CII[B)I @ 33
Event: 5.465 Thread 0x00000000214ad000 Uncommon trap: reason=unstable_if action=reinterpret pc=0x00000000038d145c method=java.util.ArrayList$Itr.hasNext()Z @ 11
Event: 10.465 Thread 0x00000000031c3800 Uncommon trap: reason=unstable_if action=reinterpret pc=0x00000000038b0254 method=sun.net.www.http.KeepAliveCache.put(Ljava/net/URL;Ljava/lang/Object;Lsun/net/www/http/HttpClient;)V @ 26

Internal exceptions (8 events):
Event: 0.033 Thread 0x00000000031c3800 Exception <a 'java/lang/NoSuchMethodError': Method sun.misc.Unsafe.defineClass(Ljava/lang/String;[BII)Ljava/lang/Class; name or signature does not match> (0x000000076af07ca8) thrown at [C:\re\workspace\8-2-build-windows-amd64-cygwin\jdk8u131\8869\hotspot\
Event: 0.033 Thread 0x00000000031c3800 Exception <a 'java/lang/NoSuchMethodError': Method sun.misc.Unsafe.prefetchRead(Ljava/lang/Object;J)V name or signature does not match> (0x000000076af07f90) thrown at [C:\re\workspace\8-2-build-windows-amd64-cygwin\jdk8u131\8869\hotspot\src\share\vm\prims
Event: 0.252 Thread 0x00000000031c3800 Exception <a 'java/security/PrivilegedActionException'> (0x000000076b5a9560) thrown at [C:\re\workspace\8-2-build-windows-amd64-cygwin\jdk8u131\8869\hotspot\src\share\vm\prims\jvm.cpp, line 1390]
Event: 0.252 Thread 0x00000000031c3800 Exception <a 'java/security/PrivilegedActionException'> (0x000000076b5a9958) thrown at [C:\re\workspace\8-2-build-windows-amd64-cygwin\jdk8u131\8869\hotspot\src\share\vm\prims\jvm.cpp, line 1390]
Event: 0.252 Thread 0x00000000031c3800 Exception <a 'java/security/PrivilegedActionException'> (0x000000076b5ac0d8) thrown at [C:\re\workspace\8-2-build-windows-amd64-cygwin\jdk8u131\8869\hotspot\src\share\vm\prims\jvm.cpp, line 1390]
Event: 0.252 Thread 0x00000000031c3800 Exception <a 'java/security/PrivilegedActionException'> (0x000000076b5ac4d0) thrown at [C:\re\workspace\8-2-build-windows-amd64-cygwin\jdk8u131\8869\hotspot\src\share\vm\prims\jvm.cpp, line 1390]
Event: 0.444 Thread 0x00000000031c3800 Exception <a 'java/lang/NoSuchFieldError': method resolution failed> (0x000000076c3534b8) thrown at [C:\re\workspace\8-2-build-windows-amd64-cygwin\jdk8u131\8869\hotspot\src\share\vm\prims\methodHandles.cpp, line 1146]
Event: 0.445 Thread 0x00000000031c3800 Exception <a 'java/lang/NoSuchFieldError': method resolution failed> (0x000000076c361048) thrown at [C:\re\workspace\8-2-build-windows-amd64-cygwin\jdk8u131\8869\hotspot\src\share\vm\prims\methodHandles.cpp, line 1146]

Events (10 events):
Event: 9.558 Executing VM operation: BulkRevokeBias done
Event: 10.465 Thread 0x00000000214ad000 Thread exited: 0x00000000214ad000
Event: 10.465 Thread 0x00000000031c3800 Uncommon trap: trap_request=0xffffff65 fr.pc=0x00000000038b0254
Event: 10.465 Executing VM operation: RevokeBias
Event: 10.465 Executing VM operation: RevokeBias done
Event: 10.465 Thread 0x00000000031c3800 DEOPT PACKING pc=0x00000000038b0254 sp=0x0000000002fbf0c0
Event: 10.465 Thread 0x00000000031c3800 DEOPT UNPACKING pc=0x000000000330582a sp=0x0000000002fbef10 mode 2
Event: 10.465 Thread 0x00000000214ad000 Thread added: 0x00000000214ad000
Event: 10.716 Executing VM operation: ParallelGCFailedAllocation
Event: 10.717 Executing VM operation: ParallelGCFailedAllocation done


Dynamic libraries:
0x00007ff63c6c0000 - 0x00007ff63c6f7000 	D:\env\jdk1.8\bin\java.exe
0x00007ffe39d30000 - 0x00007ffe39f11000 	C:\Windows\SYSTEM32\ntdll.dll
0x00007ffe39b40000 - 0x00007ffe39bf2000 	C:\Windows\System32\KERNEL32.DLL
0x00007ffe36bf0000 - 0x00007ffe36e63000 	C:\Windows\System32\KERNELBASE.dll
0x00007ffe39c20000 - 0x00007ffe39cc1000 	C:\Windows\System32\ADVAPI32.dll
0x00007ffe390c0000 - 0x00007ffe3915e000 	C:\Windows\System32\msvcrt.dll
0x00007ffe393a0000 - 0x00007ffe393fb000 	C:\Windows\System32\sechost.dll
0x00007ffe38f90000 - 0x00007ffe390b4000 	C:\Windows\System32\RPCRT4.dll
0x00007ffe38d20000 - 0x00007ffe38eb0000 	C:\Windows\System32\USER32.dll
0x00007ffe36180000 - 0x00007ffe361a0000 	C:\Windows\System32\win32u.dll
0x00007ffe39cd0000 - 0x00007ffe39cf8000 	C:\Windows\System32\GDI32.dll
0x00007ffe37020000 - 0x00007ffe371b2000 	C:\Windows\System32\gdi32full.dll
0x00007ffe36f80000 - 0x00007ffe3701f000 	C:\Windows\System32\msvcp_win.dll
0x00007ffe363e0000 - 0x00007ffe364da000 	C:\Windows\System32\ucrtbase.dll
0x00007ffe228e0000 - 0x00007ffe22b49000 	C:\Windows\WinSxS\amd64_microsoft.windows.common-controls_6595b64144ccf1df_6.0.17134.407_none_fb449d63306391e9\COMCTL32.dll
0x00007ffe387a0000 - 0x00007ffe38ac2000 	C:\Windows\System32\combase.dll
0x00007ffe36100000 - 0x00007ffe3617a000 	C:\Windows\System32\bcryptPrimitives.dll
0x00007ffe392f0000 - 0x00007ffe3931d000 	C:\Windows\System32\IMM32.DLL
0x00007ffe35fd0000 - 0x00007ffe3603e000 	C:\Windows\System32\dtrampo.dll
0x000000005a4d0000 - 0x000000005a5a2000 	D:\env\jdk1.8\jre\bin\msvcr100.dll
0x0000000059c30000 - 0x000000005a4cc000 	D:\env\jdk1.8\jre\bin\server\jvm.dll
0x00007ffe39230000 - 0x00007ffe39238000 	C:\Windows\System32\PSAPI.DLL
0x00007ffdf0ba0000 - 0x00007ffdf0ba9000 	C:\Windows\SYSTEM32\WSOCK32.dll
0x00007ffe38f10000 - 0x00007ffe38f7c000 	C:\Windows\System32\WS2_32.dll
0x00007ffe31e50000 - 0x00007ffe31e73000 	C:\Windows\SYSTEM32\WINMM.dll
0x00007ffe2f8a0000 - 0x00007ffe2f8aa000 	C:\Windows\SYSTEM32\VERSION.dll
0x00007ffe31c60000 - 0x00007ffe31c8a000 	C:\Windows\SYSTEM32\WINMMBASE.dll
0x00007ffe361a0000 - 0x00007ffe361e9000 	C:\Windows\System32\cfgmgr32.dll
0x0000000059c20000 - 0x0000000059c2f000 	D:\env\jdk1.8\jre\bin\verify.dll
0x0000000059bf0000 - 0x0000000059c19000 	D:\env\jdk1.8\jre\bin\java.dll
0x0000000059140000 - 0x0000000059163000 	D:\env\jdk1.8\jre\bin\instrument.dll
0x0000000059bd0000 - 0x0000000059be6000 	D:\env\jdk1.8\jre\bin\zip.dll
0x00007ffe371c0000 - 0x00007ffe385ff000 	C:\Windows\System32\SHELL32.dll
0x00007ffe39240000 - 0x00007ffe392e9000 	C:\Windows\System32\shcore.dll
0x0000000020660000 - 0x0000000020d6d000 	C:\Windows\System32\windows.storage.dll
0x00007ffe38ad0000 - 0x00007ffe38b21000 	C:\Windows\System32\shlwapi.dll
0x00007ffe360c0000 - 0x00007ffe360d1000 	C:\Windows\System32\kernel.appcore.dll
0x00007ffe360a0000 - 0x00007ffe360bf000 	C:\Windows\System32\profapi.dll
0x00007ffe36050000 - 0x00007ffe3609c000 	C:\Windows\System32\powrprof.dll
0x00007ffe36040000 - 0x00007ffe3604a000 	C:\Windows\System32\FLTLIB.DLL
0x00007ffe2c630000 - 0x00007ffe2c64a000 	D:\ideaIU-2018.2.2.win\bin\breakgen64.dll
0x0000000059100000 - 0x000000005911a000 	D:\env\jdk1.8\jre\bin\net.dll
0x00007ffe35850000 - 0x00007ffe358b6000 	C:\Windows\system32\mswsock.dll

VM Arguments:
jvm_args: -javaagent:D:\ideaIU-2018.2.2.win\lib\idea_rt.jar=52715:D:\ideaIU-2018.2.2.win\bin -Dfile.encoding=UTF-8 
java_command: youfan.data.Scanlogproduce
java_class_path (initial): D:\env\jdk1.8\jre\lib\charsets.jar;D:\env\jdk1.8\jre\lib\deploy.jar;D:\env\jdk1.8\jre\lib\ext\access-bridge-64.jar;D:\env\jdk1.8\jre\lib\ext\cldrdata.jar;D:\env\jdk1.8\jre\lib\ext\dnsns.jar;D:\env\jdk1.8\jre\lib\ext\jaccess.jar;D:\env\jdk1.8\jre\lib\ext\jfxrt.jar;D:\env\jdk1.8\jre\lib\ext\localedata.jar;D:\env\jdk1.8\jre\lib\ext\nashorn.jar;D:\env\jdk1.8\jre\lib\ext\sunec.jar;D:\env\jdk1.8\jre\lib\ext\sunjce_provider.jar;D:\env\jdk1.8\jre\lib\ext\sunmscapi.jar;D:\env\jdk1.8\jre\lib\ext\sunpkcs11.jar;D:\env\jdk1.8\jre\lib\ext\zipfs.jar;D:\env\jdk1.8\jre\lib\javaws.jar;D:\env\jdk1.8\jre\lib\jce.jar;D:\env\jdk1.8\jre\lib\jfr.jar;D:\env\jdk1.8\jre\lib\jfxswt.jar;D:\env\jdk1.8\jre\lib\jsse.jar;D:\env\jdk1.8\jre\lib\management-agent.jar;D:\env\jdk1.8\jre\lib\plugin.jar;D:\env\jdk1.8\jre\lib\resources.jar;D:\env\jdk1.8\jre\lib\rt.jar;D:\code\flinkTest\infoService\target\test-classes;D:\code\flinkTest\infoService\target\classes;D:\env\mvn\org\springframework\boot\spring-boot-starter-web\1.5.10.RELEASE\spring-boot-starter-web-1.5.10.RELEASE.jar;D:\env\mvn\org\springframework\boot\spring-boot-starter\1.5.10.RELEASE\spring-boot-starter-1.5.10.RELEASE.jar;D:\env\mvn\org\springframework\boot\spring-boot\1.5.10.RELEASE\spring-boot-1.5.10.RELEASE.jar;D:\env\mvn\org\springframework\boot\spring-boot-autoconfigure\1.5.10.RELEASE\spring-boot-autoconfigure-1.5.10.RELEASE.jar;D:\env\mvn\org\springframework\boot\spring-boot-starter-logging\1.5.10.RELEASE\spring-boot-starter-logging-1.5.10.RELEASE.jar;D:\env\mvn\ch\qos\logback\logback-classic\1.1.11\logback-classic-1.1.11.jar;D:\env\mvn\ch\qos\logback\logback-core\1.1.11\logback-core-1.1.11.jar;D:\env\mvn\org\slf4j\jcl-over-slf4j\1.7.25\jcl-over-slf4j-1.7.25.jar;D:\env\mvn\org\slf4j\jul-to-slf4j\1.7.25\jul-to-slf4j-1.7.25.jar;D:\env\mvn\org\slf4j\log4j-over-slf4j\1.7.25\log4j-over-slf4j-1.7.25.jar;D:\env\mvn\org\yaml\snakeyaml\1.17\snakeyaml-1.17.jar;D:\env\mvn\org\springframework\boot\spring-boot-starter-tomc
Launcher Type: SUN_STANDARD

Environment Variables:
JAVA_HOME=D:\env\jdk1.8
PATH=D:\env\python\Python37-32\Scripts\;D:\env\python\Python37-32\;C:\Windows\system32;C:\Windows;C:\Windows\System32\Wbem;C:\Windows\System32\WindowsPowerShell\v1.0\;C:\Windows\System32\OpenSSH\;D:\app\HashiCorp\Vagrant\bin;D:\env\jdk1.8\bin;D:\env\node-v10.8.0-win-x64;D:\app\TortoiseSVN\bin;E:\data\mysql-5.7\bin;D:\env\apache-maven-3.3.9\bin;D:\env\gradle-4.5\bin;d:\app\Git\cmd;C:\Users\W8616\AppData\Local\Microsoft\WindowsApps;C:\Users\W8616\AppData\Local\atom\bin;d:\app\Fiddler;C:\app\Microsoft VS Code\bin;d:\app\Docker Toolbox
USERNAME=W8616
OS=Windows_NT
PROCESSOR_IDENTIFIER=AMD64 Family 23 Model 1 Stepping 1, AuthenticAMD



---------------  S Y S T E M  ---------------

OS: Windows 10.0 , 64 bit Build 17134 (10.0.17134.1)

CPU:total 16 (initial active 16) (16 cores per cpu, 1 threads per core) family 23 model 1 stepping 1, cmov, cx8, fxsr, mmx, sse, sse2, sse3, ssse3, sse4.1, sse4.2, popcnt, avx, avx2, aes, clmul, mmxext, 3dnowpref, lzcnt, sse4a, tsc, tscinvbit, tscinv, bmi1

Memory: 4k page, physical 16722896k(2802344k free), swap 27508172k(4096k free)

vm_info: Java HotSpot(TM) 64-Bit Server VM (25.131-b11) for windows-amd64 JRE (1.8.0_131-b11), built on Mar 15 2017 01:23:53 by "java_re" with MS VC++ 10.0 (VS2010)

time: Tue Nov 20 01:14:41 2018
elapsed time: 11 seconds (0d 0h 0m 11s)

